Decode started
ADDRESS: final value = 0x800
DATA[0]: lad = 0
DATA[1]: lad = 0
DATA: final value = 0x0
ADDRESS: final value = 0x800
DATA[0]: lad = 1
DATA[1]: lad = 1
DATA: final value = 0x11
ADDRESS: final value = 0x800
DATA[0]: lad = 2
DATA[1]: lad = 2
DATA: final value = 0x22
ADDRESS: final value = 0x800
DATA[0]: lad = 3
DATA[1]: lad = 3
DATA: final value = 0x33
ADDRESS: final value = 0x800
DATA[0]: lad = 4
DATA[1]: lad = 4
DATA: final value = 0x44
ADDRESS: final value = 0x800
DATA[0]: lad = 5
DATA[1]: lad = 5
DATA: final value = 0x55
ADDRESS: final value = 0x800
DATA[0]: lad = 6
DATA[1]: lad = 6
DATA: final value = 0x66
ADDRESS: final value = 0x800
DATA[0]: lad = 7
DATA[1]: lad = 7
DATA: final value = 0x77
ADDRESS: final value = 0x800
DATA[0]: lad = 8
DATA[1]: lad = 8
DATA: final value = 0x88
ADDRESS: final value = 0x800
DATA[0]: lad = 9
DATA[1]: lad = 9
DATA: final value = 0x99
ADDRESS: final value = 0x800
DATA[0]: lad = 10
DATA[1]: lad = 10
DATA: final value = 0xaa
ADDRESS: final value = 0x800
DATA[0]: lad = 11
DATA[1]: lad = 11
DATA: final value = 0xbb
ADDRESS: final value = 0x800
DATA[0]: lad = 12
DATA[1]: lad = 12
DATA: final value = 0xcc
ADDRESS: final value = 0x800
DATA[0]: lad = 13
DATA[1]: lad = 13
DATA: final value = 0xdd
ADDRESS: final value = 0x800
DATA[0]: lad = 14
DATA[1]: lad = 14
DATA: final value = 0xee
ADDRESS: final value = 0x800
DATA[0]: lad = 15
DATA[1]: lad = 15
DATA: final value = 0xff
